Build started 3/22/2012 3:58:10 PM.
     1>Project "C:\Users\Owner\Documents\CSC\C++\Lab 4 Rainfall\Lab 4 Rainfall\Lab 4 Rainfall.vcxproj" on node 2 (build target(s)).
     1>InitializeBuildStatus:
         Creating "Debug\Lab 4 Rainfall.unsuccessfulbuild" because "AlwaysCreate" was specified.
       ClCompile:
         C:\Program Files (x86)\Microsoft Visual Studio 10.0\VC\bin\CL.exe /c /ZI /nologo /W3 /WX- /Od /Oy- /D WIN32 /D _DEBUG /D _CONSOLE /D _UNICODE /D UNICODE /Gm /EHsc /RTC1 /MDd /GS /fp:precise /Zc:wchar_t /Zc:forScope /Fo"Debug\\" /Fd"Debug\vc100.pdb" /Gd /TP /analyze- /errorReport:prompt RainfallIO.cpp
         RainfallIO.cpp
       ManifestResourceCompile:
         All outputs are up-to-date.
       Link:
         C:\Program Files (x86)\Microsoft Visual Studio 10.0\VC\bin\link.exe /ERRORREPORT:PROMPT /OUT:"C:\Users\Owner\Documents\CSC\C++\Lab 4 Rainfall\Debug\Lab 4 Rainfall.exe" /INCREMENTAL /NOLOGO kernel32.lib user32.lib gdi32.lib winspool.lib comdlg32.lib advapi32.lib shell32.lib ole32.lib oleaut32.lib uuid.lib odbc32.lib odbccp32.lib /MANIFEST /ManifestFile:"Debug\Lab 4 Rainfall.exe.intermediate.manifest" /MANIFESTUAC:"level='asInvoker' uiAccess='false'" /DEBUG /PDB:"C:\Users\Owner\Documents\CSC\C++\Lab 4 Rainfall\Debug\Lab 4 Rainfall.pdb" /SUBSYSTEM:CONSOLE /TLBID:1 /DYNAMICBASE /NXCOMPAT /IMPLIB:"C:\Users\Owner\Documents\CSC\C++\Lab 4 Rainfall\Debug\Lab 4 Rainfall.lib" /MACHINE:X86 "Debug\Lab 4 Rainfall.exe.embed.manifest.res"
         Debug\RainfallIO.obj
       Manifest:
         C:\Program Files (x86)\Microsoft SDKs\Windows\v7.0A\bin\mt.exe /nologo /verbose /out:"Debug\Lab 4 Rainfall.exe.embed.manifest" /manifest "Debug\Lab 4 Rainfall.exe.intermediate.manifest"
         All outputs are up-to-date.
       LinkEmbedManifest:
         All outputs are up-to-date.
         Lab 4 Rainfall.vcxproj -> C:\Users\Owner\Documents\CSC\C++\Lab 4 Rainfall\Debug\Lab 4 Rainfall.exe
       FinalizeBuildStatus:
         Deleting file "Debug\Lab 4 Rainfall.unsuccessfulbuild".
         Touching "Debug\Lab 4 Rainfall.lastbuildstate".
     1>Done Building Project "C:\Users\Owner\Documents\CSC\C++\Lab 4 Rainfall\Lab 4 Rainfall\Lab 4 Rainfall.vcxproj" (build target(s)).

Build succeeded.

Time Elapsed 00:00:01.18
