C:\USERS\OWNER\DOCUMENTS\CSC\C++\LAB 4 RAINFALL\DEBUG\LAB 4 RAINFALL.EXE
C:\USERS\OWNER\DOCUMENTS\CSC\C++\LAB 4 RAINFALL\DEBUG\LAB 4 RAINFALL.ILK
C:\USERS\OWNER\DOCUMENTS\CSC\C++\LAB 4 RAINFALL\DEBUG\LAB 4 RAINFALL.PDB
C:\Users\Owner\Documents\CSC\C++\Lab 4 Rainfall\Lab 4 Rainfall\Debug\cl.command.1.tlog
C:\Users\Owner\Documents\CSC\C++\Lab 4 Rainfall\Lab 4 Rainfall\Debug\CL.read.1.tlog
C:\Users\Owner\Documents\CSC\C++\Lab 4 Rainfall\Lab 4 Rainfall\Debug\CL.write.1.tlog
C:\USERS\OWNER\DOCUMENTS\CSC\C++\LAB 4 RAINFALL\LAB 4 RAINFALL\DEBUG\LAB 4 RAINFALL.EXE.EMBED.MANIFEST
C:\USERS\OWNER\DOCUMENTS\CSC\C++\LAB 4 RAINFALL\LAB 4 RAINFALL\DEBUG\LAB 4 RAINFALL.EXE.EMBED.MANIFEST.RES
C:\USERS\OWNER\DOCUMENTS\CSC\C++\LAB 4 RAINFALL\LAB 4 RAINFALL\DEBUG\LAB 4 RAINFALL.EXE.INTERMEDIATE.MANIFEST
C:\Users\Owner\Documents\CSC\C++\Lab 4 Rainfall\Lab 4 Rainfall\Debug\Lab 4 Rainfall_manifest.rc
C:\Users\Owner\Documents\CSC\C++\Lab 4 Rainfall\Lab 4 Rainfall\Debug\link.1420.read.1.tlog
C:\Users\Owner\Documents\CSC\C++\Lab 4 Rainfall\Lab 4 Rainfall\Debug\link.1420.write.1.tlog
C:\Users\Owner\Documents\CSC\C++\Lab 4 Rainfall\Lab 4 Rainfall\Debug\link.1420-cvtres.read.1.tlog
C:\Users\Owner\Documents\CSC\C++\Lab 4 Rainfall\Lab 4 Rainfall\Debug\link.1420-cvtres.write.1.tlog
C:\Users\Owner\Documents\CSC\C++\Lab 4 Rainfall\Lab 4 Rainfall\Debug\link.4296.read.1.tlog
C:\Users\Owner\Documents\CSC\C++\Lab 4 Rainfall\Lab 4 Rainfall\Debug\link.4296.write.1.tlog
C:\Users\Owner\Documents\CSC\C++\Lab 4 Rainfall\Lab 4 Rainfall\Debug\link.4296-cvtres.read.1.tlog
C:\Users\Owner\Documents\CSC\C++\Lab 4 Rainfall\Lab 4 Rainfall\Debug\link.4296-cvtres.write.1.tlog
C:\Users\Owner\Documents\CSC\C++\Lab 4 Rainfall\Lab 4 Rainfall\Debug\link.4572.read.1.tlog
C:\Users\Owner\Documents\CSC\C++\Lab 4 Rainfall\Lab 4 Rainfall\Debug\link.4572.write.1.tlog
C:\Users\Owner\Documents\CSC\C++\Lab 4 Rainfall\Lab 4 Rainfall\Debug\link.4572-cvtres.read.1.tlog
C:\Users\Owner\Documents\CSC\C++\Lab 4 Rainfall\Lab 4 Rainfall\Debug\link.4572-cvtres.write.1.tlog
C:\Users\Owner\Documents\CSC\C++\Lab 4 Rainfall\Lab 4 Rainfall\Debug\link.6060.read.1.tlog
C:\Users\Owner\Documents\CSC\C++\Lab 4 Rainfall\Lab 4 Rainfall\Debug\link.6060.write.1.tlog
C:\Users\Owner\Documents\CSC\C++\Lab 4 Rainfall\Lab 4 Rainfall\Debug\link.6060-cvtres.read.1.tlog
C:\Users\Owner\Documents\CSC\C++\Lab 4 Rainfall\Lab 4 Rainfall\Debug\link.6060-cvtres.write.1.tlog
C:\Users\Owner\Documents\CSC\C++\Lab 4 Rainfall\Lab 4 Rainfall\Debug\link.command.1.tlog
C:\Users\Owner\Documents\CSC\C++\Lab 4 Rainfall\Lab 4 Rainfall\Debug\link.read.1.tlog
C:\Users\Owner\Documents\CSC\C++\Lab 4 Rainfall\Lab 4 Rainfall\Debug\link.write.1.tlog
C:\Users\Owner\Documents\CSC\C++\Lab 4 Rainfall\Lab 4 Rainfall\Debug\link-cvtres.read.1.tlog
C:\Users\Owner\Documents\CSC\C++\Lab 4 Rainfall\Lab 4 Rainfall\Debug\link-cvtres.write.1.tlog
C:\Users\Owner\Documents\CSC\C++\Lab 4 Rainfall\Lab 4 Rainfall\Debug\mt.command.1.tlog
C:\Users\Owner\Documents\CSC\C++\Lab 4 Rainfall\Lab 4 Rainfall\Debug\mt.read.1.tlog
C:\Users\Owner\Documents\CSC\C++\Lab 4 Rainfall\Lab 4 Rainfall\Debug\mt.write.1.tlog
C:\USERS\OWNER\DOCUMENTS\CSC\C++\LAB 4 RAINFALL\LAB 4 RAINFALL\DEBUG\RAINFALLIO.OBJ
C:\Users\Owner\Documents\CSC\C++\Lab 4 Rainfall\Lab 4 Rainfall\Debug\rc.command.1.tlog
C:\Users\Owner\Documents\CSC\C++\Lab 4 Rainfall\Lab 4 Rainfall\Debug\rc.read.1.tlog
C:\Users\Owner\Documents\CSC\C++\Lab 4 Rainfall\Lab 4 Rainfall\Debug\rc.write.1.tlog
C:\Users\Owner\Documents\CSC\C++\Lab 4 Rainfall\Lab 4 Rainfall\Debug\vc100.idb
C:\USERS\OWNER\DOCUMENTS\CSC\C++\LAB 4 RAINFALL\LAB 4 RAINFALL\DEBUG\VC100.PDB
S:\MY DOCUMENTS\LAB 4 RAINFALL\DEBUG\LAB 4 RAINFALL.EXE
S:\MY DOCUMENTS\LAB 4 RAINFALL\DEBUG\LAB 4 RAINFALL.ILK
S:\MY DOCUMENTS\LAB 4 RAINFALL\DEBUG\LAB 4 RAINFALL.PDB
S:\MY DOCUMENTS\LAB 4 RAINFALL\LAB 4 RAINFALL\DEBUG\LAB 4 RAINFALL.EXE.EMBED.MANIFEST.RES
S:\MY DOCUMENTS\LAB 4 RAINFALL\LAB 4 RAINFALL\DEBUG\LAB 4 RAINFALL.EXE.INTERMEDIATE.MANIFEST
S:\MY DOCUMENTS\LAB 4 RAINFALL\LAB 4 RAINFALL\DEBUG\RAINFALLIO.OBJ
S:\MY DOCUMENTS\LAB 4 RAINFALL\LAB 4 RAINFALL\DEBUG\VC100.PDB
