C:\USERS\ANDY\DOWNLOADS\LAB 2 LOAN CALCULATOR\DEBUG\LAB 2 LOAN CALCULATOR.EXE
C:\USERS\ANDY\DOWNLOADS\LAB 2 LOAN CALCULATOR\DEBUG\LAB 2 LOAN CALCULATOR.ILK
C:\USERS\ANDY\DOWNLOADS\LAB 2 LOAN CALCULATOR\DEBUG\LAB 2 LOAN CALCULATOR.PDB
C:\Users\Andy\Downloads\Lab 2 Loan Calculator\Lab 2 Loan Calculator\Debug\cl.command.1.tlog
C:\Users\Andy\Downloads\Lab 2 Loan Calculator\Lab 2 Loan Calculator\Debug\CL.read.1.tlog
C:\Users\Andy\Downloads\Lab 2 Loan Calculator\Lab 2 Loan Calculator\Debug\CL.write.1.tlog
C:\USERS\ANDY\DOWNLOADS\LAB 2 LOAN CALCULATOR\LAB 2 LOAN CALCULATOR\DEBUG\LAB 2 LOAN CALCULATOR.EXE.EMBED.MANIFEST
C:\USERS\ANDY\DOWNLOADS\LAB 2 LOAN CALCULATOR\LAB 2 LOAN CALCULATOR\DEBUG\LAB 2 LOAN CALCULATOR.EXE.EMBED.MANIFEST.RES
C:\USERS\ANDY\DOWNLOADS\LAB 2 LOAN CALCULATOR\LAB 2 LOAN CALCULATOR\DEBUG\LAB 2 LOAN CALCULATOR.EXE.INTERMEDIATE.MANIFEST
C:\Users\Andy\Downloads\Lab 2 Loan Calculator\Lab 2 Loan Calculator\Debug\Lab 2 Loan Calculator_manifest.rc
C:\Users\Andy\Downloads\Lab 2 Loan Calculator\Lab 2 Loan Calculator\Debug\link.7684.read.1.tlog
C:\Users\Andy\Downloads\Lab 2 Loan Calculator\Lab 2 Loan Calculator\Debug\link.7684.write.1.tlog
C:\Users\Andy\Downloads\Lab 2 Loan Calculator\Lab 2 Loan Calculator\Debug\link.7684-cvtres.read.1.tlog
C:\Users\Andy\Downloads\Lab 2 Loan Calculator\Lab 2 Loan Calculator\Debug\link.7684-cvtres.write.1.tlog
C:\Users\Andy\Downloads\Lab 2 Loan Calculator\Lab 2 Loan Calculator\Debug\link.command.1.tlog
C:\Users\Andy\Downloads\Lab 2 Loan Calculator\Lab 2 Loan Calculator\Debug\link.read.1.tlog
C:\Users\Andy\Downloads\Lab 2 Loan Calculator\Lab 2 Loan Calculator\Debug\link.write.1.tlog
C:\Users\Andy\Downloads\Lab 2 Loan Calculator\Lab 2 Loan Calculator\Debug\link-cvtres.read.1.tlog
C:\Users\Andy\Downloads\Lab 2 Loan Calculator\Lab 2 Loan Calculator\Debug\link-cvtres.write.1.tlog
C:\USERS\ANDY\DOWNLOADS\LAB 2 LOAN CALCULATOR\LAB 2 LOAN CALCULATOR\DEBUG\LOAN CALC.OBJ
C:\Users\Andy\Downloads\Lab 2 Loan Calculator\Lab 2 Loan Calculator\Debug\mt.command.1.tlog
C:\Users\Andy\Downloads\Lab 2 Loan Calculator\Lab 2 Loan Calculator\Debug\mt.read.1.tlog
C:\Users\Andy\Downloads\Lab 2 Loan Calculator\Lab 2 Loan Calculator\Debug\mt.write.1.tlog
C:\Users\Andy\Downloads\Lab 2 Loan Calculator\Lab 2 Loan Calculator\Debug\rc.command.1.tlog
C:\Users\Andy\Downloads\Lab 2 Loan Calculator\Lab 2 Loan Calculator\Debug\rc.read.1.tlog
C:\Users\Andy\Downloads\Lab 2 Loan Calculator\Lab 2 Loan Calculator\Debug\rc.write.1.tlog
C:\Users\Andy\Downloads\Lab 2 Loan Calculator\Lab 2 Loan Calculator\Debug\vc100.idb
C:\USERS\ANDY\DOWNLOADS\LAB 2 LOAN CALCULATOR\LAB 2 LOAN CALCULATOR\DEBUG\VC100.PDB
